<?xml version="1.0" encoding="UTF-8"?>
<!-- Generated by org.testng.reporters.JUnitXMLReporter -->
<testsuite ignored="0" hostname="DESKTOP-H0PI4DT" failures="0" tests="3" name="EdgeTest" time="63.2" errors="0" timestamp="2023-02-28T16:23:11 IST">
  <testcase classname="crossBrowserTest.NOPCommLoginTestNG" name="verifyLogin" time="47.692"/>
  <testcase classname="crossBrowserTest.NOPCommLoginTestNG" name="verifyLogin" time="47.984"/>
  <testcase classname="crossBrowserTest.NOPCommLoginTestNG" name="verifyLogin" time="45.938"/>
</testsuite> <!-- EdgeTest -->
