<?xml version="1.0" encoding="UTF-8"?>
<testng-results ignored="0" total="1" passed="1" failed="0" skipped="0">
  <reporter-output>
  </reporter-output>
  <suite started-at="2023-03-03T16:15:49 IST" name="Suite" finished-at="2023-03-03T16:16:15 IST" duration-ms="25587">
    <groups>
    </groups>
    <test started-at="2023-03-03T16:15:49 IST" name="Test" finished-at="2023-03-03T16:16:15 IST" duration-ms="25587">
      <class name="ibm_tests.LoginTest">
        <test-method is-config="true" signature="launchApp()[pri:0, instance:ibm_tests.LoginTest@3c0be339]" started-at="2023-03-03T16:15:49 IST" name="launchApp" finished-at="2023-03-03T16:15:55 IST" duration-ms="5483" status="PASS">
          <reporter-output>
          </reporter-output>
        </test-method> <!-- launchApp -->
        <test-method signature="verifyLogin()[pri:0, instance:ibm_tests.LoginTest@3c0be339]" started-at="2023-03-03T16:15:55 IST" name="verifyLogin" finished-at="2023-03-03T16:16:10 IST" duration-ms="14758" status="PASS">
          <reporter-output>
          </reporter-output>
        </test-method> <!-- verifyLogin -->
        <test-method is-config="true" signature="closeApp()[pri:0, instance:ibm_tests.LoginTest@3c0be339]" started-at="2023-03-03T16:16:10 IST" name="closeApp" finished-at="2023-03-03T16:16:15 IST" duration-ms="5297" status="PASS">
          <reporter-output>
          </reporter-output>
        </test-method> <!-- closeApp -->
      </class> <!-- ibm_tests.LoginTest -->
    </test> <!-- Test -->
  </suite> <!-- Suite -->
</testng-results>
