<?xml version="1.0" encoding="UTF-8"?>
<testng-results ignored="0" total="1" passed="1" failed="0" skipped="0">
  <reporter-output>
  </reporter-output>
  <suite started-at="2023-03-09T16:14:58 IST" name="Suite" finished-at="2023-03-09T16:15:52 IST" duration-ms="54219">
    <groups>
    </groups>
    <test started-at="2023-03-09T16:14:58 IST" name="Test" finished-at="2023-03-09T16:15:52 IST" duration-ms="54219">
      <class name="excelFileExample.RegisterStudentExcelTest">
        <test-method signature="RegistrationDataDrivernTest()[pri:0, instance:excelFileExample.RegisterStudentExcelTest@40cb8df7]" started-at="2023-03-09T16:14:58 IST" name="RegistrationDataDrivernTest" finished-at="2023-03-09T16:15:52 IST" duration-ms="54064" status="PASS">
          <reporter-output>
          </reporter-output>
        </test-method> <!-- RegistrationDataDrivernTest -->
      </class> <!-- excelFileExample.RegisterStudentExcelTest -->
    </test> <!-- Test -->
  </suite> <!-- Suite -->
</testng-results>
